<?xml version="1.0" encoding="UTF-8"?>
<!-- Generated by org.testng.reporters.JUnitReportReporter -->
<testsuite hostname="Uttamchandani-PC" failures="0" tests="1" name="com.prac.testng.TestCalc" time="0.026" errors="0" timestamp="2024-01-28T19:29:03 IST" skipped="0">
  <testcase classname="com.prac.testng.TestCalc" name="testAdd" time="0.026"/>
  <system-out/>
</testsuite> <!-- com.prac.testng.TestCalc -->
