<?xml version="1.0" encoding="UTF-8"?>
<!-- Generated by org.testng.reporters.JUnitReportReporter -->
<testsuite hostname="Uttamchandani-PC" failures="0" tests="1" name="com.prac.testng.TestCalc" time="0.016" errors="0" timestamp="28 Jan 2024 14:08:17 GMT">
  <testcase classname="com.prac.testng.TestCalc" name="testAdd" time="0.016"/>
</testsuite> <!-- com.prac.testng.TestCalc -->
